<?xml version="1.0" encoding="UTF-8"?>
<!-- Generated by org.testng.reporters.JUnitXMLReporter -->
<testsuite hostname="DESKTOP-MIA0CT7" ignored="3" name="Test" tests="2" failures="0" timestamp="29 May 2021 14:09:53 GMT" time="0.089" errors="0">
  <testcase name="luanchBrowser" time="0.004" classname="testcases.DemoTest"/>
  <testcase name="printEnvironment" time="0.002" classname="testcases.DemoTest"/>
  <testcase name="m1" time="0.0" classname="testcases.DemoTest">
    <ignored/>
  </testcase> <!-- m1 -->
  <testcase name="m3" time="0.0" classname="testcases.DemoTest">
    <ignored/>
  </testcase> <!-- m3 -->
  <testcase name="m2" time="0.0" classname="testcases.DemoTest">
    <ignored/>
  </testcase> <!-- m2 -->
</testsuite> <!-- Test -->
