<?xml version="1.0" encoding="UTF-8"?>
<!-- Generated by org.testng.reporters.JUnitXMLReporter -->
<testsuite hostname="DESKTOP-MIA0CT7" ignored="0" name="Test" tests="1" failures="1" timestamp="18 Feb 2020 18:46:03 GMT" time="16.339" errors="0">
  <testcase name="launchGoogle" time="16.273" classname="testcases.Sample">
    <failure type="java.lang.AssertionError" message="expected [Gooasdgle] but found [Google]">
      <![CDATA[java.lang.AssertionError: expected [Gooasdgle] but found [Google]
	at testcases.Sample.launchGoogle(Sample.java:18)
... Removed 34 stack frames]]>
    </failure>
  </testcase> <!-- launchGoogle -->
</testsuite> <!-- Test -->
