<?xml version="1.0" encoding="UTF-8"?>
<testng-results skipped="0" failed="0" ignored="3" total="5" passed="2">
  <reporter-output>
  </reporter-output>
  <suite name="Suite" duration-ms="89" started-at="2021-05-29T14:09:53Z" finished-at="2021-05-29T14:09:53Z">
    <groups>
      <group name="Sanity">
        <method signature="DemoTest.luanchBrowser()[pri:0, instance:testcases.DemoTest@3cda1055]" name="luanchBrowser" class="testcases.DemoTest"/>
        <method signature="DemoTest.printEnvironment()[pri:0, instance:testcases.DemoTest@3cda1055]" name="printEnvironment" class="testcases.DemoTest"/>
      </group> <!-- Sanity -->
    </groups>
    <test name="Test" duration-ms="89" started-at="2021-05-29T14:09:53Z" finished-at="2021-05-29T14:09:53Z">
      <class name="testcases.DemoTest">
        <test-method status="PASS" signature="intializeDataProperties()[pri:0, instance:testcases.DemoTest@3cda1055]" name="intializeDataProperties" is-config="true" duration-ms="57" started-at="2021-05-29T19:39:53Z" finished-at="2021-05-29T19:39:53Z">
          <reporter-output>
          </reporter-output>
        </test-method> <!-- intializeDataProperties -->
        <test-method status="PASS" signature="luanchBrowser()[pri:0, instance:testcases.DemoTest@3cda1055]" name="luanchBrowser" duration-ms="4" started-at="2021-05-29T19:39:53Z" finished-at="2021-05-29T19:39:53Z">
          <reporter-output>
          </reporter-output>
        </test-method> <!-- luanchBrowser -->
        <test-method status="PASS" signature="printEnvironment()[pri:0, instance:testcases.DemoTest@3cda1055]" name="printEnvironment" duration-ms="2" started-at="2021-05-29T19:39:53Z" finished-at="2021-05-29T19:39:53Z">
          <reporter-output>
          </reporter-output>
        </test-method> <!-- printEnvironment -->
      </class> <!-- testcases.DemoTest -->
    </test> <!-- Test -->
  </suite> <!-- Suite -->
</testng-results>
