<?xml version="1.0" encoding="UTF-8"?>
<testng-results skipped="0" failed="0" ignored="0" total="1" passed="1">
  <reporter-output>
  </reporter-output>
  <suite name="Default suite" duration-ms="119" started-at="2021-05-29T14:04:56Z" finished-at="2021-05-29T14:04:56Z">
    <groups>
    </groups>
    <test name="Default test" duration-ms="119" started-at="2021-05-29T14:04:56Z" finished-at="2021-05-29T14:04:56Z">
      <class name="com.deskera.basePage.BasePage">
        <test-method status="PASS" signature="intializeDataProperties()[pri:0, instance:com.deskera.basePage.BasePage@548a9f61]" name="intializeDataProperties" duration-ms="36" started-at="2021-05-29T19:34:56Z" finished-at="2021-05-29T19:34:56Z">
          <reporter-output>
          </reporter-output>
        </test-method> <!-- intializeDataProperties -->
      </class> <!-- com.deskera.basePage.BasePage -->
    </test> <!-- Default test -->
  </suite> <!-- Default suite -->
</testng-results>
