<?xml version="1.0" encoding="UTF-8"?>
<testng-results skipped="0" failed="0" ignored="0" total="1" passed="1">
  <reporter-output>
  </reporter-output>
  <suite name="Suite" duration-ms="5827" started-at="2020-02-18T16:38:26Z" finished-at="2020-02-18T16:38:32Z">
    <groups>
    </groups>
    <test name="Test" duration-ms="5827" started-at="2020-02-18T16:38:26Z" finished-at="2020-02-18T16:38:32Z">
      <class name="testcases.Sample">
        <test-method status="PASS" signature="launchGoogle()[pri:0, instance:testcases.Sample@28feb3fa]" name="launchGoogle" duration-ms="5796" started-at="2020-02-18T22:08:26Z" finished-at="2020-02-18T22:08:32Z">
          <reporter-output>
          </reporter-output>
        </test-method> <!-- launchGoogle -->
      </class> <!-- testcases.Sample -->
    </test> <!-- Test -->
  </suite> <!-- Suite -->
</testng-results>
